<?xml version="1.0" encoding="UTF-8"?>
<!-- Generated by org.testng.reporters.JUnitXMLReporter -->
<testsuite ignored="0" hostname="Harish" failures="0" tests="3" name="ChromeTest" time="7.082" errors="0" timestamp="2025-03-18T21:10:17 IST">
  <testcase classname="selflearn.selflearn.BaseCls" name="test1" time="1.05"/>
  <testcase classname="selflearn.selflearn.BaseCls" name="test2" time="0.802"/>
  <testcase classname="selflearn.selflearn.BaseCls" name="test3" time="0.75"/>
</testsuite> <!-- ChromeTest -->
