<?xml version="1.0" encoding="UTF-8"?>
<!-- Generated by org.testng.reporters.JUnitXMLReporter -->
<testsuite ignored="0" hostname="Harish" failures="0" tests="3" name="FireFoxTest" time="4.702" errors="0" timestamp="2025-03-24T22:55:10 IST">
  <testcase classname="selflearn.selflearn.BaseCls" name="test1" time="0.0">
    <skipped/>
  </testcase> <!-- test1 -->
  <testcase classname="selflearn.selflearn.BaseCls" name="test2" time="0.0">
    <skipped/>
  </testcase> <!-- test2 -->
  <testcase classname="selflearn.selflearn.BaseCls" name="test3" time="0.0">
    <skipped/>
  </testcase> <!-- test3 -->
</testsuite> <!-- FireFoxTest -->
